{"D:\\Nico\\VSCODE\\src\\index.js": {"path":"D:\\Nico\\VSCODE\\src\\index.js","statementMap":{"0":{"start":{"line":1,"column":23},"end":{"line":1,"column":25}},"1":{"start":{"line":2,"column":18},"end":{"line":2,"column":20}},"2":{"start":{"line":3,"column":19},"end":{"line":3,"column":20}},"3":{"start":{"line":4,"column":20},"end":{"line":4,"column":21}},"4":{"start":{"line":5,"column":19},"end":{"line":5,"column":66}},"5":{"start":{"line":5,"column":27},"end":{"line":5,"column":64}},"6":{"start":{"line":12,"column":4},"end":{"line":12,"column":51}},"7":{"start":{"line":13,"column":4},"end":{"line":13,"column":58}},"8":{"start":{"line":14,"column":4},"end":{"line":14,"column":59}},"9":{"start":{"line":15,"column":4},"end":{"line":15,"column":59}},"10":{"start":{"line":22,"column":4},"end":{"line":22,"column":55}},"11":{"start":{"line":23,"column":4},"end":{"line":23,"column":54}},"12":{"start":{"line":24,"column":4},"end":{"line":24,"column":54}},"13":{"start":{"line":25,"column":4},"end":{"line":25,"column":54}},"14":{"start":{"line":26,"column":4},"end":{"line":26,"column":54}},"15":{"start":{"line":30,"column":4},"end":{"line":31,"column":72}},"16":{"start":{"line":30,"column":26},"end":{"line":30,"column":57}},"17":{"start":{"line":31,"column":9},"end":{"line":31,"column":72}},"18":{"start":{"line":33,"column":4},"end":{"line":33,"column":38}},"19":{"start":{"line":34,"column":4},"end":{"line":34,"column":65}},"20":{"start":{"line":35,"column":4},"end":{"line":35,"column":23}},"21":{"start":{"line":39,"column":17},"end":{"line":39,"column":18}},"22":{"start":{"line":40,"column":4},"end":{"line":50,"column":30}},"23":{"start":{"line":41,"column":8},"end":{"line":48,"column":9}},"24":{"start":{"line":42,"column":12},"end":{"line":47,"column":13}},"25":{"start":{"line":43,"column":16},"end":{"line":43,"column":63}},"26":{"start":{"line":44,"column":16},"end":{"line":44,"column":43}},"27":{"start":{"line":44,"column":32},"end":{"line":44,"column":43}},"28":{"start":{"line":46,"column":16},"end":{"line":46,"column":30}},"29":{"start":{"line":50,"column":9},"end":{"line":50,"column":30}},"30":{"start":{"line":55,"column":34},"end":{"line":55,"column":76}},"31":{"start":{"line":57,"column":26},"end":{"line":57,"column":27}},"32":{"start":{"line":58,"column":19},"end":{"line":58,"column":20}},"33":{"start":{"line":59,"column":4},"end":{"line":71,"column":5}},"34":{"start":{"line":60,"column":8},"end":{"line":70,"column":9}},"35":{"start":{"line":61,"column":4},"end":{"line":61,"column":82}},"36":{"start":{"line":62,"column":12},"end":{"line":62,"column":66}},"37":{"start":{"line":63,"column":12},"end":{"line":63,"column":104}},"38":{"start":{"line":66,"column":12},"end":{"line":66,"column":83}},"39":{"start":{"line":67,"column":12},"end":{"line":67,"column":66}},"40":{"start":{"line":68,"column":12},"end":{"line":68,"column":142}},"41":{"start":{"line":69,"column":12},"end":{"line":69,"column":18}},"42":{"start":{"line":72,"column":5},"end":{"line":72,"column":58}},"43":{"start":{"line":73,"column":12},"end":{"line":73,"column":50}},"44":{"start":{"line":74,"column":12},"end":{"line":74,"column":28}},"45":{"start":{"line":77,"column":0},"end":{"line":77,"column":7}},"46":{"start":{"line":79,"column":0},"end":{"line":98,"column":1}},"47":{"start":{"line":81,"column":4},"end":{"line":81,"column":31}},"48":{"start":{"line":82,"column":4},"end":{"line":82,"column":47}},"49":{"start":{"line":83,"column":4},"end":{"line":83,"column":59}},"50":{"start":{"line":84,"column":4},"end":{"line":84,"column":59}},"51":{"start":{"line":85,"column":4},"end":{"line":85,"column":51}},"52":{"start":{"line":86,"column":4},"end":{"line":86,"column":47}},"53":{"start":{"line":87,"column":4},"end":{"line":87,"column":44}},"54":{"start":{"line":89,"column":5},"end":{"line":98,"column":1}},"55":{"start":{"line":91,"column":4},"end":{"line":91,"column":23}},"56":{"start":{"line":92,"column":4},"end":{"line":92,"column":39}},"57":{"start":{"line":93,"column":4},"end":{"line":93,"column":51}},"58":{"start":{"line":94,"column":4},"end":{"line":94,"column":51}},"59":{"start":{"line":95,"column":4},"end":{"line":95,"column":43}},"60":{"start":{"line":96,"column":4},"end":{"line":96,"column":39}},"61":{"start":{"line":97,"column":4},"end":{"line":97,"column":36}}},"fnMap":{"0":{"name":"(anonymous_0)","decl":{"start":{"line":5,"column":19},"end":{"line":5,"column":20}},"loc":{"start":{"line":5,"column":25},"end":{"line":5,"column":66}},"line":5},"1":{"name":"init","decl":{"start":{"line":7,"column":9},"end":{"line":7,"column":13}},"loc":{"start":{"line":7,"column":16},"end":{"line":27,"column":1}},"line":7},"2":{"name":"updateSalary","decl":{"start":{"line":29,"column":9},"end":{"line":29,"column":21}},"loc":{"start":{"line":29,"column":54},"end":{"line":36,"column":1}},"line":29},"3":{"name":"calculateTaxRelief","decl":{"start":{"line":38,"column":9},"end":{"line":38,"column":27}},"loc":{"start":{"line":38,"column":82},"end":{"line":51,"column":1}},"line":38},"4":{"name":"calculateIncomeTax","decl":{"start":{"line":53,"column":9},"end":{"line":53,"column":27}},"loc":{"start":{"line":53,"column":110},"end":{"line":75,"column":1}},"line":53}},"branchMap":{"0":{"loc":{"start":{"line":29,"column":22},"end":{"line":29,"column":52}},"type":"default-arg","locations":[{"start":{"line":29,"column":39},"end":{"line":29,"column":52}}],"line":29},"1":{"loc":{"start":{"line":30,"column":4},"end":{"line":31,"column":72}},"type":"if","locations":[{"start":{"line":30,"column":4},"end":{"line":31,"column":72}},{"start":{"line":30,"column":4},"end":{"line":31,"column":72}}],"line":30},"2":{"loc":{"start":{"line":38,"column":28},"end":{"line":38,"column":50}},"type":"default-arg","locations":[{"start":{"line":38,"column":38},"end":{"line":38,"column":50}}],"line":38},"3":{"loc":{"start":{"line":38,"column":52},"end":{"line":38,"column":80}},"type":"default-arg","locations":[{"start":{"line":38,"column":68},"end":{"line":38,"column":80}}],"line":38},"4":{"loc":{"start":{"line":40,"column":4},"end":{"line":50,"column":30}},"type":"if","locations":[{"start":{"line":40,"column":4},"end":{"line":50,"column":30}},{"start":{"line":40,"column":4},"end":{"line":50,"column":30}}],"line":40},"5":{"loc":{"start":{"line":42,"column":12},"end":{"line":47,"column":13}},"type":"if","locations":[{"start":{"line":42,"column":12},"end":{"line":47,"column":13}},{"start":{"line":42,"column":12},"end":{"line":47,"column":13}}],"line":42},"6":{"loc":{"start":{"line":44,"column":16},"end":{"line":44,"column":43}},"type":"if","locations":[{"start":{"line":44,"column":16},"end":{"line":44,"column":43}},{"start":{"line":44,"column":16},"end":{"line":44,"column":43}}],"line":44},"7":{"loc":{"start":{"line":53,"column":28},"end":{"line":53,"column":78}},"type":"default-arg","locations":[{"start":{"line":53,"column":38},"end":{"line":53,"column":78}}],"line":53},"8":{"loc":{"start":{"line":53,"column":80},"end":{"line":53,"column":108}},"type":"default-arg","locations":[{"start":{"line":53,"column":96},"end":{"line":53,"column":108}}],"line":53},"9":{"loc":{"start":{"line":60,"column":8},"end":{"line":70,"column":9}},"type":"if","locations":[{"start":{"line":60,"column":8},"end":{"line":70,"column":9}},{"start":{"line":60,"column":8},"end":{"line":70,"column":9}}],"line":60},"10":{"loc":{"start":{"line":60,"column":12},"end":{"line":60,"column":103}},"type":"binary-expr","locations":[{"start":{"line":60,"column":12},"end":{"line":60,"column":43}},{"start":{"line":60,"column":47},"end":{"line":60,"column":103}}],"line":60},"11":{"loc":{"start":{"line":79,"column":0},"end":{"line":98,"column":1}},"type":"if","locations":[{"start":{"line":79,"column":0},"end":{"line":98,"column":1}},{"start":{"line":79,"column":0},"end":{"line":98,"column":1}}],"line":79},"12":{"loc":{"start":{"line":89,"column":5},"end":{"line":98,"column":1}},"type":"if","locations":[{"start":{"line":89,"column":5},"end":{"line":98,"column":1}},{"start":{"line":89,"column":5},"end":{"line":98,"column":1}}],"line":89}},"s":{"0":1,"1":1,"2":1,"3":1,"4":1,"5":0,"6":1,"7":1,"8":1,"9":1,"10":1,"11":1,"12":1,"13":1,"14":1,"15":4,"16":4,"17":0,"18":4,"19":4,"20":4,"21":12,"22":12,"23":12,"24":40,"25":12,"26":12,"27":2,"28":12,"29":0,"30":6,"31":6,"32":6,"33":6,"34":14,"35":8,"36":8,"37":8,"38":6,"39":6,"40":6,"41":6,"42":6,"43":6,"44":6,"45":1,"46":1,"47":1,"48":1,"49":1,"50":1,"51":1,"52":1,"53":1,"54":0,"55":0,"56":0,"57":0,"58":0,"59":0,"60":0,"61":0},"f":{"0":0,"1":1,"2":4,"3":12,"4":6},"b":{"0":[0],"1":[4,0],"2":[0],"3":[0],"4":[12,0],"5":[12,28],"6":[2,10],"7":[0],"8":[0],"9":[8,6],"10":[14,13],"11":[1,0],"12":[0,0]},"_coverageSchema":"1a1c01bbd47fc00a2c39e90264f33305004495a9","hash":"9450ca1dea80d3da6d3fb3d694fa0e75c24aa1b8"}
}
