TN:
SF:src\index.js
FN:5,(anonymous_0)
FN:7,init
FN:29,updateSalary
FN:38,calculateTaxRelief
FN:53,calculateIncomeTax
FNF:5
FNH:4
FNDA:0,(anonymous_0)
FNDA:1,init
FNDA:4,updateSalary
FNDA:12,calculateTaxRelief
FNDA:6,calculateIncomeTax
DA:1,1
DA:2,1
DA:3,1
DA:4,1
DA:5,1
DA:12,1
DA:13,1
DA:14,1
DA:15,1
DA:22,1
DA:23,1
DA:24,1
DA:25,1
DA:26,1
DA:30,4
DA:31,0
DA:33,4
DA:34,4
DA:35,4
DA:39,12
DA:40,12
DA:41,12
DA:42,40
DA:43,12
DA:44,12
DA:46,12
DA:50,0
DA:55,6
DA:57,6
DA:58,6
DA:59,6
DA:60,14
DA:61,8
DA:62,8
DA:63,8
DA:66,6
DA:67,6
DA:68,6
DA:69,6
DA:72,6
DA:73,6
DA:74,6
DA:77,1
DA:79,1
DA:81,1
DA:82,1
DA:83,1
DA:84,1
DA:85,1
DA:86,1
DA:87,1
DA:89,0
DA:91,0
DA:92,0
DA:93,0
DA:94,0
DA:95,0
DA:96,0
DA:97,0
LF:59
LH:49
BRDA:29,0,0,0
BRDA:30,1,0,4
BRDA:30,1,1,0
BRDA:38,2,0,0
BRDA:38,3,0,0
BRDA:40,4,0,12
BRDA:40,4,1,0
BRDA:42,5,0,12
BRDA:42,5,1,28
BRDA:44,6,0,2
BRDA:44,6,1,10
BRDA:53,7,0,0
BRDA:53,8,0,0
BRDA:60,9,0,8
BRDA:60,9,1,6
BRDA:60,10,0,14
BRDA:60,10,1,13
BRDA:79,11,0,1
BRDA:79,11,1,0
BRDA:89,12,0,0
BRDA:89,12,1,0
BRF:21
BRH:11
end_of_record
